2024-10-30 18:29:56.191 [main] INFO  o.s.t.c.s.AnnotationConfigContextLoaderUtils - Could not detect default configuration classes for test class [com.greeting.controller.PongControllerTest]: PongControllerTest does not declare any static, non-private, non-final, nested classes annotated with @Configuration.
2024-10-30 18:29:56.246 [main] INFO  o.s.b.t.c.SpringBootTestContextBootstrapper - Found @SpringBootConfiguration com.greeting.PongApplication for test class com.greeting.controller.PongControllerTest
2024-10-30 18:29:56.308 [main] INFO  o.s.t.c.s.AnnotationConfigContextLoaderUtils - Could not detect default configuration classes for test class [com.greeting.filter.ReactiveRequestLimitFilterTest]: ReactiveRequestLimitFilterTest does not declare any static, non-private, non-final, nested classes annotated with @Configuration.
2024-10-30 18:29:56.317 [main] INFO  o.s.b.t.c.SpringBootTestContextBootstrapper - Found @SpringBootConfiguration com.greeting.PongApplication for test class com.greeting.filter.ReactiveRequestLimitFilterTest
2024-10-30 18:29:56.323 [main] INFO  o.s.t.c.s.AnnotationConfigContextLoaderUtils - Could not detect default configuration classes for test class [com.greeting.controller.PongControllerTest]: PongControllerTest does not declare any static, non-private, non-final, nested classes annotated with @Configuration.
2024-10-30 18:29:56.324 [main] INFO  o.s.b.t.c.SpringBootTestContextBootstrapper - Found @SpringBootConfiguration com.greeting.PongApplication for test class com.greeting.controller.PongControllerTest
2024-10-30 18:29:56.326 [main] INFO  o.s.t.c.s.AnnotationConfigContextLoaderUtils - Could not detect default configuration classes for test class [com.greeting.filter.ReactiveRequestLimitFilterTest]: ReactiveRequestLimitFilterTest does not declare any static, non-private, non-final, nested classes annotated with @Configuration.
2024-10-30 18:29:56.327 [main] INFO  o.s.b.t.c.SpringBootTestContextBootstrapper - Found @SpringBootConfiguration com.greeting.PongApplication for test class com.greeting.filter.ReactiveRequestLimitFilterTest
2024-10-30 18:32:08.620 [main] INFO  o.s.t.c.s.AnnotationConfigContextLoaderUtils - Could not detect default configuration classes for test class [com.greeting.controller.PongControllerTest]: PongControllerTest does not declare any static, non-private, non-final, nested classes annotated with @Configuration.
2024-10-30 18:32:08.674 [main] INFO  o.s.b.t.c.SpringBootTestContextBootstrapper - Found @SpringBootConfiguration com.greeting.PongApplication for test class com.greeting.controller.PongControllerTest
2024-10-30 18:32:08.742 [main] INFO  o.s.t.c.s.AnnotationConfigContextLoaderUtils - Could not detect default configuration classes for test class [com.greeting.filter.ReactiveRequestLimitFilterTest]: ReactiveRequestLimitFilterTest does not declare any static, non-private, non-final, nested classes annotated with @Configuration.
2024-10-30 18:32:08.751 [main] INFO  o.s.b.t.c.SpringBootTestContextBootstrapper - Found @SpringBootConfiguration com.greeting.PongApplication for test class com.greeting.filter.ReactiveRequestLimitFilterTest
2024-10-30 18:32:08.756 [main] INFO  o.s.t.c.s.AnnotationConfigContextLoaderUtils - Could not detect default configuration classes for test class [com.greeting.controller.PongControllerTest]: PongControllerTest does not declare any static, non-private, non-final, nested classes annotated with @Configuration.
2024-10-30 18:32:08.757 [main] INFO  o.s.b.t.c.SpringBootTestContextBootstrapper - Found @SpringBootConfiguration com.greeting.PongApplication for test class com.greeting.controller.PongControllerTest
2024-10-30 18:32:08.760 [main] INFO  o.s.t.c.s.AnnotationConfigContextLoaderUtils - Could not detect default configuration classes for test class [com.greeting.filter.ReactiveRequestLimitFilterTest]: ReactiveRequestLimitFilterTest does not declare any static, non-private, non-final, nested classes annotated with @Configuration.
2024-10-30 18:32:08.761 [main] INFO  o.s.b.t.c.SpringBootTestContextBootstrapper - Found @SpringBootConfiguration com.greeting.PongApplication for test class com.greeting.filter.ReactiveRequestLimitFilterTest
2024-10-30 18:33:13.613 [main] INFO  o.s.t.c.s.AnnotationConfigContextLoaderUtils - Could not detect default configuration classes for test class [com.greeting.controller.PongControllerTest]: PongControllerTest does not declare any static, non-private, non-final, nested classes annotated with @Configuration.
2024-10-30 18:33:13.664 [main] INFO  o.s.b.t.c.SpringBootTestContextBootstrapper - Found @SpringBootConfiguration com.greeting.PongApplication for test class com.greeting.controller.PongControllerTest
2024-10-30 18:33:13.732 [main] INFO  o.s.t.c.s.AnnotationConfigContextLoaderUtils - Could not detect default configuration classes for test class [com.greeting.filter.ReactiveRequestLimitFilterTest]: ReactiveRequestLimitFilterTest does not declare any static, non-private, non-final, nested classes annotated with @Configuration.
2024-10-30 18:33:13.742 [main] INFO  o.s.b.t.c.SpringBootTestContextBootstrapper - Found @SpringBootConfiguration com.greeting.PongApplication for test class com.greeting.filter.ReactiveRequestLimitFilterTest
2024-10-30 18:33:13.748 [main] INFO  o.s.t.c.s.AnnotationConfigContextLoaderUtils - Could not detect default configuration classes for test class [com.greeting.controller.PongControllerTest]: PongControllerTest does not declare any static, non-private, non-final, nested classes annotated with @Configuration.
2024-10-30 18:33:13.750 [main] INFO  o.s.b.t.c.SpringBootTestContextBootstrapper - Found @SpringBootConfiguration com.greeting.PongApplication for test class com.greeting.controller.PongControllerTest
2024-10-30 18:33:13.753 [main] INFO  o.s.t.c.s.AnnotationConfigContextLoaderUtils - Could not detect default configuration classes for test class [com.greeting.filter.ReactiveRequestLimitFilterTest]: ReactiveRequestLimitFilterTest does not declare any static, non-private, non-final, nested classes annotated with @Configuration.
2024-10-30 18:33:13.754 [main] INFO  o.s.b.t.c.SpringBootTestContextBootstrapper - Found @SpringBootConfiguration com.greeting.PongApplication for test class com.greeting.filter.ReactiveRequestLimitFilterTest
2024-10-30 18:33:34.675 [main] INFO  o.s.t.c.s.AnnotationConfigContextLoaderUtils - Could not detect default configuration classes for test class [com.greeting.controller.PongControllerTest]: PongControllerTest does not declare any static, non-private, non-final, nested classes annotated with @Configuration.
2024-10-30 18:33:34.727 [main] INFO  o.s.b.t.c.SpringBootTestContextBootstrapper - Found @SpringBootConfiguration com.greeting.PongApplication for test class com.greeting.controller.PongControllerTest
2024-10-30 18:33:34.794 [main] INFO  o.s.t.c.s.AnnotationConfigContextLoaderUtils - Could not detect default configuration classes for test class [com.greeting.filter.ReactiveRequestLimitFilterTest]: ReactiveRequestLimitFilterTest does not declare any static, non-private, non-final, nested classes annotated with @Configuration.
2024-10-30 18:33:34.802 [main] INFO  o.s.b.t.c.SpringBootTestContextBootstrapper - Found @SpringBootConfiguration com.greeting.PongApplication for test class com.greeting.filter.ReactiveRequestLimitFilterTest
2024-10-30 18:33:34.807 [main] INFO  o.s.t.c.s.AnnotationConfigContextLoaderUtils - Could not detect default configuration classes for test class [com.greeting.controller.PongControllerTest]: PongControllerTest does not declare any static, non-private, non-final, nested classes annotated with @Configuration.
2024-10-30 18:33:34.808 [main] INFO  o.s.b.t.c.SpringBootTestContextBootstrapper - Found @SpringBootConfiguration com.greeting.PongApplication for test class com.greeting.controller.PongControllerTest
2024-10-30 18:33:34.810 [main] INFO  o.s.t.c.s.AnnotationConfigContextLoaderUtils - Could not detect default configuration classes for test class [com.greeting.filter.ReactiveRequestLimitFilterTest]: ReactiveRequestLimitFilterTest does not declare any static, non-private, non-final, nested classes annotated with @Configuration.
2024-10-30 18:33:34.811 [main] INFO  o.s.b.t.c.SpringBootTestContextBootstrapper - Found @SpringBootConfiguration com.greeting.PongApplication for test class com.greeting.filter.ReactiveRequestLimitFilterTest
2024-10-30 18:34:24.895 [main] INFO  o.s.t.c.s.AnnotationConfigContextLoaderUtils - Could not detect default configuration classes for test class [com.greeting.controller.PongControllerTest]: PongControllerTest does not declare any static, non-private, non-final, nested classes annotated with @Configuration.
2024-10-30 18:34:24.947 [main] INFO  o.s.b.t.c.SpringBootTestContextBootstrapper - Found @SpringBootConfiguration com.greeting.PongApplication for test class com.greeting.controller.PongControllerTest
2024-10-30 18:34:25.010 [main] INFO  o.s.t.c.s.AnnotationConfigContextLoaderUtils - Could not detect default configuration classes for test class [com.greeting.filter.ReactiveRequestLimitFilterTest]: ReactiveRequestLimitFilterTest does not declare any static, non-private, non-final, nested classes annotated with @Configuration.
2024-10-30 18:34:25.018 [main] INFO  o.s.b.t.c.SpringBootTestContextBootstrapper - Found @SpringBootConfiguration com.greeting.PongApplication for test class com.greeting.filter.ReactiveRequestLimitFilterTest
2024-10-30 18:34:25.024 [main] INFO  o.s.t.c.s.AnnotationConfigContextLoaderUtils - Could not detect default configuration classes for test class [com.greeting.controller.PongControllerTest]: PongControllerTest does not declare any static, non-private, non-final, nested classes annotated with @Configuration.
2024-10-30 18:34:25.025 [main] INFO  o.s.b.t.c.SpringBootTestContextBootstrapper - Found @SpringBootConfiguration com.greeting.PongApplication for test class com.greeting.controller.PongControllerTest
2024-10-30 18:34:25.027 [main] INFO  o.s.t.c.s.AnnotationConfigContextLoaderUtils - Could not detect default configuration classes for test class [com.greeting.filter.ReactiveRequestLimitFilterTest]: ReactiveRequestLimitFilterTest does not declare any static, non-private, non-final, nested classes annotated with @Configuration.
2024-10-30 18:34:25.028 [main] INFO  o.s.b.t.c.SpringBootTestContextBootstrapper - Found @SpringBootConfiguration com.greeting.PongApplication for test class com.greeting.filter.ReactiveRequestLimitFilterTest
2024-10-30 18:35:48.344 [main] INFO  o.s.t.c.s.AnnotationConfigContextLoaderUtils - Could not detect default configuration classes for test class [com.greeting.controller.PongControllerTest]: PongControllerTest does not declare any static, non-private, non-final, nested classes annotated with @Configuration.
2024-10-30 18:35:48.397 [main] INFO  o.s.b.t.c.SpringBootTestContextBootstrapper - Found @SpringBootConfiguration com.greeting.PongApplication for test class com.greeting.controller.PongControllerTest
2024-10-30 18:35:48.463 [main] INFO  o.s.t.c.s.AnnotationConfigContextLoaderUtils - Could not detect default configuration classes for test class [com.greeting.filter.ReactiveRequestLimitFilterTest]: ReactiveRequestLimitFilterTest does not declare any static, non-private, non-final, nested classes annotated with @Configuration.
2024-10-30 18:35:48.472 [main] INFO  o.s.b.t.c.SpringBootTestContextBootstrapper - Found @SpringBootConfiguration com.greeting.PongApplication for test class com.greeting.filter.ReactiveRequestLimitFilterTest
2024-10-30 18:35:48.479 [main] INFO  o.s.t.c.s.AnnotationConfigContextLoaderUtils - Could not detect default configuration classes for test class [com.greeting.controller.PongControllerTest]: PongControllerTest does not declare any static, non-private, non-final, nested classes annotated with @Configuration.
2024-10-30 18:35:48.481 [main] INFO  o.s.b.t.c.SpringBootTestContextBootstrapper - Found @SpringBootConfiguration com.greeting.PongApplication for test class com.greeting.controller.PongControllerTest
2024-10-30 18:35:48.484 [main] INFO  o.s.t.c.s.AnnotationConfigContextLoaderUtils - Could not detect default configuration classes for test class [com.greeting.filter.ReactiveRequestLimitFilterTest]: ReactiveRequestLimitFilterTest does not declare any static, non-private, non-final, nested classes annotated with @Configuration.
2024-10-30 18:35:48.485 [main] INFO  o.s.b.t.c.SpringBootTestContextBootstrapper - Found @SpringBootConfiguration com.greeting.PongApplication for test class com.greeting.filter.ReactiveRequestLimitFilterTest
2024-10-30 18:36:12.928 [main] INFO  o.s.t.c.s.AnnotationConfigContextLoaderUtils - Could not detect default configuration classes for test class [com.greeting.controller.PongControllerTest]: PongControllerTest does not declare any static, non-private, non-final, nested classes annotated with @Configuration.
2024-10-30 18:36:12.988 [main] INFO  o.s.b.t.c.SpringBootTestContextBootstrapper - Found @SpringBootConfiguration com.greeting.PongApplication for test class com.greeting.controller.PongControllerTest
2024-10-30 18:36:13.054 [main] INFO  o.s.t.c.s.AnnotationConfigContextLoaderUtils - Could not detect default configuration classes for test class [com.greeting.filter.ReactiveRequestLimitFilterTest]: ReactiveRequestLimitFilterTest does not declare any static, non-private, non-final, nested classes annotated with @Configuration.
2024-10-30 18:36:13.063 [main] INFO  o.s.b.t.c.SpringBootTestContextBootstrapper - Found @SpringBootConfiguration com.greeting.PongApplication for test class com.greeting.filter.ReactiveRequestLimitFilterTest
2024-10-30 18:36:13.068 [main] INFO  o.s.t.c.s.AnnotationConfigContextLoaderUtils - Could not detect default configuration classes for test class [com.greeting.controller.PongControllerTest]: PongControllerTest does not declare any static, non-private, non-final, nested classes annotated with @Configuration.
2024-10-30 18:36:13.070 [main] INFO  o.s.b.t.c.SpringBootTestContextBootstrapper - Found @SpringBootConfiguration com.greeting.PongApplication for test class com.greeting.controller.PongControllerTest
2024-10-30 18:36:13.073 [main] INFO  o.s.t.c.s.AnnotationConfigContextLoaderUtils - Could not detect default configuration classes for test class [com.greeting.filter.ReactiveRequestLimitFilterTest]: ReactiveRequestLimitFilterTest does not declare any static, non-private, non-final, nested classes annotated with @Configuration.
2024-10-30 18:36:13.074 [main] INFO  o.s.b.t.c.SpringBootTestContextBootstrapper - Found @SpringBootConfiguration com.greeting.PongApplication for test class com.greeting.filter.ReactiveRequestLimitFilterTest
2024-10-30 18:37:44.012 [main] INFO  o.s.t.c.s.AnnotationConfigContextLoaderUtils - Could not detect default configuration classes for test class [com.greeting.controller.PongControllerTest]: PongControllerTest does not declare any static, non-private, non-final, nested classes annotated with @Configuration.
2024-10-30 18:37:44.063 [main] INFO  o.s.b.t.c.SpringBootTestContextBootstrapper - Found @SpringBootConfiguration com.greeting.PongApplication for test class com.greeting.controller.PongControllerTest
2024-10-30 18:37:44.131 [main] INFO  o.s.t.c.s.AnnotationConfigContextLoaderUtils - Could not detect default configuration classes for test class [com.greeting.filter.ReactiveRequestLimitFilterTest]: ReactiveRequestLimitFilterTest does not declare any static, non-private, non-final, nested classes annotated with @Configuration.
2024-10-30 18:37:44.139 [main] INFO  o.s.b.t.c.SpringBootTestContextBootstrapper - Found @SpringBootConfiguration com.greeting.PongApplication for test class com.greeting.filter.ReactiveRequestLimitFilterTest
2024-10-30 18:37:44.145 [main] INFO  o.s.t.c.s.AnnotationConfigContextLoaderUtils - Could not detect default configuration classes for test class [com.greeting.controller.PongControllerTest]: PongControllerTest does not declare any static, non-private, non-final, nested classes annotated with @Configuration.
2024-10-30 18:37:44.146 [main] INFO  o.s.b.t.c.SpringBootTestContextBootstrapper - Found @SpringBootConfiguration com.greeting.PongApplication for test class com.greeting.controller.PongControllerTest
2024-10-30 18:37:44.148 [main] INFO  o.s.t.c.s.AnnotationConfigContextLoaderUtils - Could not detect default configuration classes for test class [com.greeting.filter.ReactiveRequestLimitFilterTest]: ReactiveRequestLimitFilterTest does not declare any static, non-private, non-final, nested classes annotated with @Configuration.
2024-10-30 18:37:44.149 [main] INFO  o.s.b.t.c.SpringBootTestContextBootstrapper - Found @SpringBootConfiguration com.greeting.PongApplication for test class com.greeting.filter.ReactiveRequestLimitFilterTest
2024-10-30 18:38:19.549 [main] INFO  o.s.t.c.s.AnnotationConfigContextLoaderUtils - Could not detect default configuration classes for test class [com.greeting.controller.PongControllerTest]: PongControllerTest does not declare any static, non-private, non-final, nested classes annotated with @Configuration.
2024-10-30 18:38:19.603 [main] INFO  o.s.b.t.c.SpringBootTestContextBootstrapper - Found @SpringBootConfiguration com.greeting.PongApplication for test class com.greeting.controller.PongControllerTest
2024-10-30 18:38:19.672 [main] INFO  o.s.t.c.s.AnnotationConfigContextLoaderUtils - Could not detect default configuration classes for test class [com.greeting.filter.ReactiveRequestLimitFilterTest]: ReactiveRequestLimitFilterTest does not declare any static, non-private, non-final, nested classes annotated with @Configuration.
2024-10-30 18:38:19.682 [main] INFO  o.s.b.t.c.SpringBootTestContextBootstrapper - Found @SpringBootConfiguration com.greeting.PongApplication for test class com.greeting.filter.ReactiveRequestLimitFilterTest
2024-10-30 18:38:19.688 [main] INFO  o.s.t.c.s.AnnotationConfigContextLoaderUtils - Could not detect default configuration classes for test class [com.greeting.controller.PongControllerTest]: PongControllerTest does not declare any static, non-private, non-final, nested classes annotated with @Configuration.
2024-10-30 18:38:19.689 [main] INFO  o.s.b.t.c.SpringBootTestContextBootstrapper - Found @SpringBootConfiguration com.greeting.PongApplication for test class com.greeting.controller.PongControllerTest
2024-10-30 18:38:19.692 [main] INFO  o.s.t.c.s.AnnotationConfigContextLoaderUtils - Could not detect default configuration classes for test class [com.greeting.filter.ReactiveRequestLimitFilterTest]: ReactiveRequestLimitFilterTest does not declare any static, non-private, non-final, nested classes annotated with @Configuration.
2024-10-30 18:38:19.693 [main] INFO  o.s.b.t.c.SpringBootTestContextBootstrapper - Found @SpringBootConfiguration com.greeting.PongApplication for test class com.greeting.filter.ReactiveRequestLimitFilterTest
2024-10-30 18:46:35.998 [main] INFO  o.s.t.c.s.AnnotationConfigContextLoaderUtils - Could not detect default configuration classes for test class [com.greeting.controller.PongControllerTest]: PongControllerTest does not declare any static, non-private, non-final, nested classes annotated with @Configuration.
2024-10-30 18:46:36.052 [main] INFO  o.s.b.t.c.SpringBootTestContextBootstrapper - Found @SpringBootConfiguration com.greeting.PongApplication for test class com.greeting.controller.PongControllerTest
2024-10-30 18:46:36.123 [main] INFO  o.s.t.c.s.AnnotationConfigContextLoaderUtils - Could not detect default configuration classes for test class [com.greeting.filter.ReactiveRequestLimitFilterTest]: ReactiveRequestLimitFilterTest does not declare any static, non-private, non-final, nested classes annotated with @Configuration.
2024-10-30 18:46:36.131 [main] INFO  o.s.b.t.c.SpringBootTestContextBootstrapper - Found @SpringBootConfiguration com.greeting.PongApplication for test class com.greeting.filter.ReactiveRequestLimitFilterTest
2024-10-30 18:46:36.136 [main] INFO  o.s.t.c.s.AnnotationConfigContextLoaderUtils - Could not detect default configuration classes for test class [com.greeting.controller.PongControllerTest]: PongControllerTest does not declare any static, non-private, non-final, nested classes annotated with @Configuration.
2024-10-30 18:46:36.137 [main] INFO  o.s.b.t.c.SpringBootTestContextBootstrapper - Found @SpringBootConfiguration com.greeting.PongApplication for test class com.greeting.controller.PongControllerTest
2024-10-30 18:46:36.140 [main] INFO  o.s.t.c.s.AnnotationConfigContextLoaderUtils - Could not detect default configuration classes for test class [com.greeting.filter.ReactiveRequestLimitFilterTest]: ReactiveRequestLimitFilterTest does not declare any static, non-private, non-final, nested classes annotated with @Configuration.
2024-10-30 18:46:36.142 [main] INFO  o.s.b.t.c.SpringBootTestContextBootstrapper - Found @SpringBootConfiguration com.greeting.PongApplication for test class com.greeting.filter.ReactiveRequestLimitFilterTest
2024-10-30 18:47:35.940 [main] INFO  o.s.t.c.s.AnnotationConfigContextLoaderUtils - Could not detect default configuration classes for test class [com.greeting.controller.PongControllerTest]: PongControllerTest does not declare any static, non-private, non-final, nested classes annotated with @Configuration.
2024-10-30 18:47:35.993 [main] INFO  o.s.b.t.c.SpringBootTestContextBootstrapper - Found @SpringBootConfiguration com.greeting.PongApplication for test class com.greeting.controller.PongControllerTest
2024-10-30 18:47:36.067 [main] INFO  o.s.t.c.s.AnnotationConfigContextLoaderUtils - Could not detect default configuration classes for test class [com.greeting.filter.ReactiveRequestLimitFilterTest]: ReactiveRequestLimitFilterTest does not declare any static, non-private, non-final, nested classes annotated with @Configuration.
2024-10-30 18:47:36.077 [main] INFO  o.s.b.t.c.SpringBootTestContextBootstrapper - Found @SpringBootConfiguration com.greeting.PongApplication for test class com.greeting.filter.ReactiveRequestLimitFilterTest
2024-10-30 18:47:36.083 [main] INFO  o.s.t.c.s.AnnotationConfigContextLoaderUtils - Could not detect default configuration classes for test class [com.greeting.controller.PongControllerTest]: PongControllerTest does not declare any static, non-private, non-final, nested classes annotated with @Configuration.
2024-10-30 18:47:36.084 [main] INFO  o.s.b.t.c.SpringBootTestContextBootstrapper - Found @SpringBootConfiguration com.greeting.PongApplication for test class com.greeting.controller.PongControllerTest
2024-10-30 18:47:36.086 [main] INFO  o.s.t.c.s.AnnotationConfigContextLoaderUtils - Could not detect default configuration classes for test class [com.greeting.filter.ReactiveRequestLimitFilterTest]: ReactiveRequestLimitFilterTest does not declare any static, non-private, non-final, nested classes annotated with @Configuration.
2024-10-30 18:47:36.087 [main] INFO  o.s.b.t.c.SpringBootTestContextBootstrapper - Found @SpringBootConfiguration com.greeting.PongApplication for test class com.greeting.filter.ReactiveRequestLimitFilterTest
2024-10-30 18:58:00.185 [main] INFO  o.s.t.c.s.AnnotationConfigContextLoaderUtils - Could not detect default configuration classes for test class [com.greeting.controller.PongControllerTest]: PongControllerTest does not declare any static, non-private, non-final, nested classes annotated with @Configuration.
2024-10-30 18:58:00.236 [main] INFO  o.s.b.t.c.SpringBootTestContextBootstrapper - Found @SpringBootConfiguration com.greeting.PongApplication for test class com.greeting.controller.PongControllerTest
2024-10-30 18:58:00.305 [main] INFO  o.s.t.c.s.AnnotationConfigContextLoaderUtils - Could not detect default configuration classes for test class [com.greeting.filter.ReactiveRequestLimitFilterTest]: ReactiveRequestLimitFilterTest does not declare any static, non-private, non-final, nested classes annotated with @Configuration.
2024-10-30 18:58:00.315 [main] INFO  o.s.b.t.c.SpringBootTestContextBootstrapper - Found @SpringBootConfiguration com.greeting.PongApplication for test class com.greeting.filter.ReactiveRequestLimitFilterTest
2024-10-30 18:58:00.320 [main] INFO  o.s.t.c.s.AnnotationConfigContextLoaderUtils - Could not detect default configuration classes for test class [com.greeting.controller.PongControllerTest]: PongControllerTest does not declare any static, non-private, non-final, nested classes annotated with @Configuration.
2024-10-30 18:58:00.322 [main] INFO  o.s.b.t.c.SpringBootTestContextBootstrapper - Found @SpringBootConfiguration com.greeting.PongApplication for test class com.greeting.controller.PongControllerTest
2024-10-30 18:58:00.324 [main] INFO  o.s.t.c.s.AnnotationConfigContextLoaderUtils - Could not detect default configuration classes for test class [com.greeting.filter.ReactiveRequestLimitFilterTest]: ReactiveRequestLimitFilterTest does not declare any static, non-private, non-final, nested classes annotated with @Configuration.
2024-10-30 18:58:00.325 [main] INFO  o.s.b.t.c.SpringBootTestContextBootstrapper - Found @SpringBootConfiguration com.greeting.PongApplication for test class com.greeting.filter.ReactiveRequestLimitFilterTest
2024-10-30 18:58:56.668 [main] INFO  o.s.t.c.s.AnnotationConfigContextLoaderUtils - Could not detect default configuration classes for test class [com.greeting.controller.PongControllerTest]: PongControllerTest does not declare any static, non-private, non-final, nested classes annotated with @Configuration.
2024-10-30 18:58:56.721 [main] INFO  o.s.b.t.c.SpringBootTestContextBootstrapper - Found @SpringBootConfiguration com.greeting.PongApplication for test class com.greeting.controller.PongControllerTest
2024-10-30 18:58:56.791 [main] INFO  o.s.t.c.s.AnnotationConfigContextLoaderUtils - Could not detect default configuration classes for test class [com.greeting.filter.ReactiveRequestLimitFilterTest]: ReactiveRequestLimitFilterTest does not declare any static, non-private, non-final, nested classes annotated with @Configuration.
2024-10-30 18:58:56.799 [main] INFO  o.s.b.t.c.SpringBootTestContextBootstrapper - Found @SpringBootConfiguration com.greeting.PongApplication for test class com.greeting.filter.ReactiveRequestLimitFilterTest
2024-10-30 18:58:56.804 [main] INFO  o.s.t.c.s.AnnotationConfigContextLoaderUtils - Could not detect default configuration classes for test class [com.greeting.controller.PongControllerTest]: PongControllerTest does not declare any static, non-private, non-final, nested classes annotated with @Configuration.
2024-10-30 18:58:56.805 [main] INFO  o.s.b.t.c.SpringBootTestContextBootstrapper - Found @SpringBootConfiguration com.greeting.PongApplication for test class com.greeting.controller.PongControllerTest
2024-10-30 18:58:56.807 [main] INFO  o.s.t.c.s.AnnotationConfigContextLoaderUtils - Could not detect default configuration classes for test class [com.greeting.filter.ReactiveRequestLimitFilterTest]: ReactiveRequestLimitFilterTest does not declare any static, non-private, non-final, nested classes annotated with @Configuration.
2024-10-30 18:58:56.808 [main] INFO  o.s.b.t.c.SpringBootTestContextBootstrapper - Found @SpringBootConfiguration com.greeting.PongApplication for test class com.greeting.filter.ReactiveRequestLimitFilterTest
2024-10-30 19:01:23.673 [main] INFO  o.s.t.c.s.AnnotationConfigContextLoaderUtils - Could not detect default configuration classes for test class [com.greeting.controller.PongControllerTest]: PongControllerTest does not declare any static, non-private, non-final, nested classes annotated with @Configuration.
2024-10-30 19:01:23.725 [main] INFO  o.s.b.t.c.SpringBootTestContextBootstrapper - Found @SpringBootConfiguration com.greeting.PongApplication for test class com.greeting.controller.PongControllerTest
2024-10-30 19:01:23.792 [main] INFO  o.s.t.c.s.AnnotationConfigContextLoaderUtils - Could not detect default configuration classes for test class [com.greeting.filter.ReactiveRequestLimitFilterTest]: ReactiveRequestLimitFilterTest does not declare any static, non-private, non-final, nested classes annotated with @Configuration.
2024-10-30 19:01:23.800 [main] INFO  o.s.b.t.c.SpringBootTestContextBootstrapper - Found @SpringBootConfiguration com.greeting.PongApplication for test class com.greeting.filter.ReactiveRequestLimitFilterTest
2024-10-30 19:01:23.806 [main] INFO  o.s.t.c.s.AnnotationConfigContextLoaderUtils - Could not detect default configuration classes for test class [com.greeting.controller.PongControllerTest]: PongControllerTest does not declare any static, non-private, non-final, nested classes annotated with @Configuration.
2024-10-30 19:01:23.808 [main] INFO  o.s.b.t.c.SpringBootTestContextBootstrapper - Found @SpringBootConfiguration com.greeting.PongApplication for test class com.greeting.controller.PongControllerTest
2024-10-30 19:01:23.810 [main] INFO  o.s.t.c.s.AnnotationConfigContextLoaderUtils - Could not detect default configuration classes for test class [com.greeting.filter.ReactiveRequestLimitFilterTest]: ReactiveRequestLimitFilterTest does not declare any static, non-private, non-final, nested classes annotated with @Configuration.
2024-10-30 19:01:23.811 [main] INFO  o.s.b.t.c.SpringBootTestContextBootstrapper - Found @SpringBootConfiguration com.greeting.PongApplication for test class com.greeting.filter.ReactiveRequestLimitFilterTest
2024-10-30 19:02:19.063 [main] INFO  o.s.t.c.s.AnnotationConfigContextLoaderUtils - Could not detect default configuration classes for test class [com.greeting.controller.PongControllerTest]: PongControllerTest does not declare any static, non-private, non-final, nested classes annotated with @Configuration.
2024-10-30 19:02:19.116 [main] INFO  o.s.b.t.c.SpringBootTestContextBootstrapper - Found @SpringBootConfiguration com.greeting.PongApplication for test class com.greeting.controller.PongControllerTest
2024-10-30 19:02:19.185 [main] INFO  o.s.t.c.s.AnnotationConfigContextLoaderUtils - Could not detect default configuration classes for test class [com.greeting.filter.ReactiveRequestLimitFilterTest]: ReactiveRequestLimitFilterTest does not declare any static, non-private, non-final, nested classes annotated with @Configuration.
2024-10-30 19:02:19.193 [main] INFO  o.s.b.t.c.SpringBootTestContextBootstrapper - Found @SpringBootConfiguration com.greeting.PongApplication for test class com.greeting.filter.ReactiveRequestLimitFilterTest
2024-10-30 19:02:19.199 [main] INFO  o.s.t.c.s.AnnotationConfigContextLoaderUtils - Could not detect default configuration classes for test class [com.greeting.controller.PongControllerTest]: PongControllerTest does not declare any static, non-private, non-final, nested classes annotated with @Configuration.
2024-10-30 19:02:19.200 [main] INFO  o.s.b.t.c.SpringBootTestContextBootstrapper - Found @SpringBootConfiguration com.greeting.PongApplication for test class com.greeting.controller.PongControllerTest
2024-10-30 19:02:19.202 [main] INFO  o.s.t.c.s.AnnotationConfigContextLoaderUtils - Could not detect default configuration classes for test class [com.greeting.filter.ReactiveRequestLimitFilterTest]: ReactiveRequestLimitFilterTest does not declare any static, non-private, non-final, nested classes annotated with @Configuration.
2024-10-30 19:02:19.204 [main] INFO  o.s.b.t.c.SpringBootTestContextBootstrapper - Found @SpringBootConfiguration com.greeting.PongApplication for test class com.greeting.filter.ReactiveRequestLimitFilterTest
2024-10-30 19:02:36.016 [main] INFO  o.s.t.c.s.AnnotationConfigContextLoaderUtils - Could not detect default configuration classes for test class [com.greeting.controller.PongControllerTest]: PongControllerTest does not declare any static, non-private, non-final, nested classes annotated with @Configuration.
2024-10-30 19:02:36.072 [main] INFO  o.s.b.t.c.SpringBootTestContextBootstrapper - Found @SpringBootConfiguration com.greeting.PongApplication for test class com.greeting.controller.PongControllerTest
2024-10-30 19:02:36.141 [main] INFO  o.s.t.c.s.AnnotationConfigContextLoaderUtils - Could not detect default configuration classes for test class [com.greeting.filter.ReactiveRequestLimitFilterTest]: ReactiveRequestLimitFilterTest does not declare any static, non-private, non-final, nested classes annotated with @Configuration.
2024-10-30 19:02:36.150 [main] INFO  o.s.b.t.c.SpringBootTestContextBootstrapper - Found @SpringBootConfiguration com.greeting.PongApplication for test class com.greeting.filter.ReactiveRequestLimitFilterTest
2024-10-30 19:02:36.155 [main] INFO  o.s.t.c.s.AnnotationConfigContextLoaderUtils - Could not detect default configuration classes for test class [com.greeting.controller.PongControllerTest]: PongControllerTest does not declare any static, non-private, non-final, nested classes annotated with @Configuration.
2024-10-30 19:02:36.156 [main] INFO  o.s.b.t.c.SpringBootTestContextBootstrapper - Found @SpringBootConfiguration com.greeting.PongApplication for test class com.greeting.controller.PongControllerTest
2024-10-30 19:02:36.158 [main] INFO  o.s.t.c.s.AnnotationConfigContextLoaderUtils - Could not detect default configuration classes for test class [com.greeting.filter.ReactiveRequestLimitFilterTest]: ReactiveRequestLimitFilterTest does not declare any static, non-private, non-final, nested classes annotated with @Configuration.
2024-10-30 19:02:36.159 [main] INFO  o.s.b.t.c.SpringBootTestContextBootstrapper - Found @SpringBootConfiguration com.greeting.PongApplication for test class com.greeting.filter.ReactiveRequestLimitFilterTest
2024-10-30 19:03:10.070 [main] INFO  o.s.t.c.s.AnnotationConfigContextLoaderUtils - Could not detect default configuration classes for test class [com.greeting.controller.PongControllerTest]: PongControllerTest does not declare any static, non-private, non-final, nested classes annotated with @Configuration.
2024-10-30 19:03:10.125 [main] INFO  o.s.b.t.c.SpringBootTestContextBootstrapper - Found @SpringBootConfiguration com.greeting.PongApplication for test class com.greeting.controller.PongControllerTest
2024-10-30 19:03:10.191 [main] INFO  o.s.t.c.s.AnnotationConfigContextLoaderUtils - Could not detect default configuration classes for test class [com.greeting.filter.ReactiveRequestLimitFilterTest]: ReactiveRequestLimitFilterTest does not declare any static, non-private, non-final, nested classes annotated with @Configuration.
2024-10-30 19:03:10.198 [main] INFO  o.s.b.t.c.SpringBootTestContextBootstrapper - Found @SpringBootConfiguration com.greeting.PongApplication for test class com.greeting.filter.ReactiveRequestLimitFilterTest
2024-10-30 19:03:10.205 [main] INFO  o.s.t.c.s.AnnotationConfigContextLoaderUtils - Could not detect default configuration classes for test class [com.greeting.controller.PongControllerTest]: PongControllerTest does not declare any static, non-private, non-final, nested classes annotated with @Configuration.
2024-10-30 19:03:10.206 [main] INFO  o.s.b.t.c.SpringBootTestContextBootstrapper - Found @SpringBootConfiguration com.greeting.PongApplication for test class com.greeting.controller.PongControllerTest
2024-10-30 19:03:10.208 [main] INFO  o.s.t.c.s.AnnotationConfigContextLoaderUtils - Could not detect default configuration classes for test class [com.greeting.filter.ReactiveRequestLimitFilterTest]: ReactiveRequestLimitFilterTest does not declare any static, non-private, non-final, nested classes annotated with @Configuration.
2024-10-30 19:03:10.209 [main] INFO  o.s.b.t.c.SpringBootTestContextBootstrapper - Found @SpringBootConfiguration com.greeting.PongApplication for test class com.greeting.filter.ReactiveRequestLimitFilterTest
2024-10-30 19:03:28.981 [main] INFO  o.s.t.c.s.AnnotationConfigContextLoaderUtils - Could not detect default configuration classes for test class [com.greeting.controller.PongControllerTest]: PongControllerTest does not declare any static, non-private, non-final, nested classes annotated with @Configuration.
2024-10-30 19:03:29.041 [main] INFO  o.s.b.t.c.SpringBootTestContextBootstrapper - Found @SpringBootConfiguration com.greeting.PongApplication for test class com.greeting.controller.PongControllerTest
2024-10-30 19:03:29.108 [main] INFO  o.s.t.c.s.AnnotationConfigContextLoaderUtils - Could not detect default configuration classes for test class [com.greeting.filter.ReactiveRequestLimitFilterTest]: ReactiveRequestLimitFilterTest does not declare any static, non-private, non-final, nested classes annotated with @Configuration.
2024-10-30 19:03:29.116 [main] INFO  o.s.b.t.c.SpringBootTestContextBootstrapper - Found @SpringBootConfiguration com.greeting.PongApplication for test class com.greeting.filter.ReactiveRequestLimitFilterTest
2024-10-30 19:03:29.121 [main] INFO  o.s.t.c.s.AnnotationConfigContextLoaderUtils - Could not detect default configuration classes for test class [com.greeting.controller.PongControllerTest]: PongControllerTest does not declare any static, non-private, non-final, nested classes annotated with @Configuration.
2024-10-30 19:03:29.123 [main] INFO  o.s.b.t.c.SpringBootTestContextBootstrapper - Found @SpringBootConfiguration com.greeting.PongApplication for test class com.greeting.controller.PongControllerTest
2024-10-30 19:03:29.125 [main] INFO  o.s.t.c.s.AnnotationConfigContextLoaderUtils - Could not detect default configuration classes for test class [com.greeting.filter.ReactiveRequestLimitFilterTest]: ReactiveRequestLimitFilterTest does not declare any static, non-private, non-final, nested classes annotated with @Configuration.
2024-10-30 19:03:29.126 [main] INFO  o.s.b.t.c.SpringBootTestContextBootstrapper - Found @SpringBootConfiguration com.greeting.PongApplication for test class com.greeting.filter.ReactiveRequestLimitFilterTest
2024-10-30 19:03:56.548 [main] INFO  o.s.t.c.s.AnnotationConfigContextLoaderUtils - Could not detect default configuration classes for test class [com.greeting.controller.PongControllerTest]: PongControllerTest does not declare any static, non-private, non-final, nested classes annotated with @Configuration.
2024-10-30 19:03:56.598 [main] INFO  o.s.b.t.c.SpringBootTestContextBootstrapper - Found @SpringBootConfiguration com.greeting.PongApplication for test class com.greeting.controller.PongControllerTest
2024-10-30 19:03:56.669 [main] INFO  o.s.t.c.s.AnnotationConfigContextLoaderUtils - Could not detect default configuration classes for test class [com.greeting.filter.ReactiveRequestLimitFilterTest]: ReactiveRequestLimitFilterTest does not declare any static, non-private, non-final, nested classes annotated with @Configuration.
2024-10-30 19:03:56.677 [main] INFO  o.s.b.t.c.SpringBootTestContextBootstrapper - Found @SpringBootConfiguration com.greeting.PongApplication for test class com.greeting.filter.ReactiveRequestLimitFilterTest
2024-10-30 19:03:56.683 [main] INFO  o.s.t.c.s.AnnotationConfigContextLoaderUtils - Could not detect default configuration classes for test class [com.greeting.controller.PongControllerTest]: PongControllerTest does not declare any static, non-private, non-final, nested classes annotated with @Configuration.
2024-10-30 19:03:56.684 [main] INFO  o.s.b.t.c.SpringBootTestContextBootstrapper - Found @SpringBootConfiguration com.greeting.PongApplication for test class com.greeting.controller.PongControllerTest
2024-10-30 19:03:56.686 [main] INFO  o.s.t.c.s.AnnotationConfigContextLoaderUtils - Could not detect default configuration classes for test class [com.greeting.filter.ReactiveRequestLimitFilterTest]: ReactiveRequestLimitFilterTest does not declare any static, non-private, non-final, nested classes annotated with @Configuration.
2024-10-30 19:03:56.687 [main] INFO  o.s.b.t.c.SpringBootTestContextBootstrapper - Found @SpringBootConfiguration com.greeting.PongApplication for test class com.greeting.filter.ReactiveRequestLimitFilterTest
2024-10-30 19:04:29.817 [main] INFO  o.s.t.c.s.AnnotationConfigContextLoaderUtils - Could not detect default configuration classes for test class [com.greeting.controller.PongControllerTest]: PongControllerTest does not declare any static, non-private, non-final, nested classes annotated with @Configuration.
2024-10-30 19:04:29.883 [main] INFO  o.s.b.t.c.SpringBootTestContextBootstrapper - Found @SpringBootConfiguration com.greeting.PongApplication for test class com.greeting.controller.PongControllerTest
2024-10-30 19:04:29.970 [main] INFO  o.s.t.c.s.AnnotationConfigContextLoaderUtils - Could not detect default configuration classes for test class [com.greeting.filter.ReactiveRequestLimitFilterTest]: ReactiveRequestLimitFilterTest does not declare any static, non-private, non-final, nested classes annotated with @Configuration.
2024-10-30 19:04:29.978 [main] INFO  o.s.b.t.c.SpringBootTestContextBootstrapper - Found @SpringBootConfiguration com.greeting.PongApplication for test class com.greeting.filter.ReactiveRequestLimitFilterTest
2024-10-30 19:04:29.983 [main] INFO  o.s.t.c.s.AnnotationConfigContextLoaderUtils - Could not detect default configuration classes for test class [com.greeting.controller.PongControllerTest]: PongControllerTest does not declare any static, non-private, non-final, nested classes annotated with @Configuration.
2024-10-30 19:04:29.984 [main] INFO  o.s.b.t.c.SpringBootTestContextBootstrapper - Found @SpringBootConfiguration com.greeting.PongApplication for test class com.greeting.controller.PongControllerTest
2024-10-30 19:04:29.986 [main] INFO  o.s.t.c.s.AnnotationConfigContextLoaderUtils - Could not detect default configuration classes for test class [com.greeting.filter.ReactiveRequestLimitFilterTest]: ReactiveRequestLimitFilterTest does not declare any static, non-private, non-final, nested classes annotated with @Configuration.
2024-10-30 19:04:29.987 [main] INFO  o.s.b.t.c.SpringBootTestContextBootstrapper - Found @SpringBootConfiguration com.greeting.PongApplication for test class com.greeting.filter.ReactiveRequestLimitFilterTest
2024-10-30 19:04:52.795 [main] INFO  o.s.t.c.s.AnnotationConfigContextLoaderUtils - Could not detect default configuration classes for test class [com.greeting.controller.PongControllerTest]: PongControllerTest does not declare any static, non-private, non-final, nested classes annotated with @Configuration.
2024-10-30 19:04:52.847 [main] INFO  o.s.b.t.c.SpringBootTestContextBootstrapper - Found @SpringBootConfiguration com.greeting.PongApplication for test class com.greeting.controller.PongControllerTest
2024-10-30 19:04:52.912 [main] INFO  o.s.t.c.s.AnnotationConfigContextLoaderUtils - Could not detect default configuration classes for test class [com.greeting.filter.ReactiveRequestLimitFilterTest]: ReactiveRequestLimitFilterTest does not declare any static, non-private, non-final, nested classes annotated with @Configuration.
2024-10-30 19:04:52.920 [main] INFO  o.s.b.t.c.SpringBootTestContextBootstrapper - Found @SpringBootConfiguration com.greeting.PongApplication for test class com.greeting.filter.ReactiveRequestLimitFilterTest
2024-10-30 19:04:52.925 [main] INFO  o.s.t.c.s.AnnotationConfigContextLoaderUtils - Could not detect default configuration classes for test class [com.greeting.controller.PongControllerTest]: PongControllerTest does not declare any static, non-private, non-final, nested classes annotated with @Configuration.
2024-10-30 19:04:52.927 [main] INFO  o.s.b.t.c.SpringBootTestContextBootstrapper - Found @SpringBootConfiguration com.greeting.PongApplication for test class com.greeting.controller.PongControllerTest
2024-10-30 19:04:52.929 [main] INFO  o.s.t.c.s.AnnotationConfigContextLoaderUtils - Could not detect default configuration classes for test class [com.greeting.filter.ReactiveRequestLimitFilterTest]: ReactiveRequestLimitFilterTest does not declare any static, non-private, non-final, nested classes annotated with @Configuration.
2024-10-30 19:04:52.930 [main] INFO  o.s.b.t.c.SpringBootTestContextBootstrapper - Found @SpringBootConfiguration com.greeting.PongApplication for test class com.greeting.filter.ReactiveRequestLimitFilterTest
2024-10-30 19:06:18.203 [main] INFO  o.s.t.c.s.AnnotationConfigContextLoaderUtils - Could not detect default configuration classes for test class [com.greeting.controller.PongControllerTest]: PongControllerTest does not declare any static, non-private, non-final, nested classes annotated with @Configuration.
2024-10-30 19:06:18.256 [main] INFO  o.s.b.t.c.SpringBootTestContextBootstrapper - Found @SpringBootConfiguration com.greeting.PongApplication for test class com.greeting.controller.PongControllerTest
2024-10-30 19:06:18.325 [main] INFO  o.s.t.c.s.AnnotationConfigContextLoaderUtils - Could not detect default configuration classes for test class [com.greeting.filter.ReactiveRequestLimitFilterTest]: ReactiveRequestLimitFilterTest does not declare any static, non-private, non-final, nested classes annotated with @Configuration.
2024-10-30 19:06:18.333 [main] INFO  o.s.b.t.c.SpringBootTestContextBootstrapper - Found @SpringBootConfiguration com.greeting.PongApplication for test class com.greeting.filter.ReactiveRequestLimitFilterTest
2024-10-30 19:06:18.338 [main] INFO  o.s.t.c.s.AnnotationConfigContextLoaderUtils - Could not detect default configuration classes for test class [com.greeting.controller.PongControllerTest]: PongControllerTest does not declare any static, non-private, non-final, nested classes annotated with @Configuration.
2024-10-30 19:06:18.340 [main] INFO  o.s.b.t.c.SpringBootTestContextBootstrapper - Found @SpringBootConfiguration com.greeting.PongApplication for test class com.greeting.controller.PongControllerTest
2024-10-30 19:06:18.342 [main] INFO  o.s.t.c.s.AnnotationConfigContextLoaderUtils - Could not detect default configuration classes for test class [com.greeting.filter.ReactiveRequestLimitFilterTest]: ReactiveRequestLimitFilterTest does not declare any static, non-private, non-final, nested classes annotated with @Configuration.
2024-10-30 19:06:18.343 [main] INFO  o.s.b.t.c.SpringBootTestContextBootstrapper - Found @SpringBootConfiguration com.greeting.PongApplication for test class com.greeting.filter.ReactiveRequestLimitFilterTest
2024-10-30 19:06:54.906 [main] INFO  o.s.t.c.s.AnnotationConfigContextLoaderUtils - Could not detect default configuration classes for test class [com.greeting.controller.PongControllerTest]: PongControllerTest does not declare any static, non-private, non-final, nested classes annotated with @Configuration.
2024-10-30 19:06:54.960 [main] INFO  o.s.b.t.c.SpringBootTestContextBootstrapper - Found @SpringBootConfiguration com.greeting.PongApplication for test class com.greeting.controller.PongControllerTest
2024-10-30 19:06:55.028 [main] INFO  o.s.t.c.s.AnnotationConfigContextLoaderUtils - Could not detect default configuration classes for test class [com.greeting.filter.ReactiveRequestLimitFilterTest]: ReactiveRequestLimitFilterTest does not declare any static, non-private, non-final, nested classes annotated with @Configuration.
2024-10-30 19:06:55.038 [main] INFO  o.s.b.t.c.SpringBootTestContextBootstrapper - Found @SpringBootConfiguration com.greeting.PongApplication for test class com.greeting.filter.ReactiveRequestLimitFilterTest
2024-10-30 19:06:55.043 [main] INFO  o.s.t.c.s.AnnotationConfigContextLoaderUtils - Could not detect default configuration classes for test class [com.greeting.controller.PongControllerTest]: PongControllerTest does not declare any static, non-private, non-final, nested classes annotated with @Configuration.
2024-10-30 19:06:55.044 [main] INFO  o.s.b.t.c.SpringBootTestContextBootstrapper - Found @SpringBootConfiguration com.greeting.PongApplication for test class com.greeting.controller.PongControllerTest
2024-10-30 19:06:55.046 [main] INFO  o.s.t.c.s.AnnotationConfigContextLoaderUtils - Could not detect default configuration classes for test class [com.greeting.filter.ReactiveRequestLimitFilterTest]: ReactiveRequestLimitFilterTest does not declare any static, non-private, non-final, nested classes annotated with @Configuration.
2024-10-30 19:06:55.047 [main] INFO  o.s.b.t.c.SpringBootTestContextBootstrapper - Found @SpringBootConfiguration com.greeting.PongApplication for test class com.greeting.filter.ReactiveRequestLimitFilterTest
2024-10-30 19:07:20.097 [main] INFO  o.s.t.c.s.AnnotationConfigContextLoaderUtils - Could not detect default configuration classes for test class [com.greeting.controller.PongControllerTest]: PongControllerTest does not declare any static, non-private, non-final, nested classes annotated with @Configuration.
2024-10-30 19:07:20.149 [main] INFO  o.s.b.t.c.SpringBootTestContextBootstrapper - Found @SpringBootConfiguration com.greeting.PongApplication for test class com.greeting.controller.PongControllerTest
2024-10-30 19:07:20.218 [main] INFO  o.s.t.c.s.AnnotationConfigContextLoaderUtils - Could not detect default configuration classes for test class [com.greeting.filter.ReactiveRequestLimitFilterTest]: ReactiveRequestLimitFilterTest does not declare any static, non-private, non-final, nested classes annotated with @Configuration.
2024-10-30 19:07:20.227 [main] INFO  o.s.b.t.c.SpringBootTestContextBootstrapper - Found @SpringBootConfiguration com.greeting.PongApplication for test class com.greeting.filter.ReactiveRequestLimitFilterTest
2024-10-30 19:07:20.232 [main] INFO  o.s.t.c.s.AnnotationConfigContextLoaderUtils - Could not detect default configuration classes for test class [com.greeting.controller.PongControllerTest]: PongControllerTest does not declare any static, non-private, non-final, nested classes annotated with @Configuration.
2024-10-30 19:07:20.233 [main] INFO  o.s.b.t.c.SpringBootTestContextBootstrapper - Found @SpringBootConfiguration com.greeting.PongApplication for test class com.greeting.controller.PongControllerTest
2024-10-30 19:07:20.235 [main] INFO  o.s.t.c.s.AnnotationConfigContextLoaderUtils - Could not detect default configuration classes for test class [com.greeting.filter.ReactiveRequestLimitFilterTest]: ReactiveRequestLimitFilterTest does not declare any static, non-private, non-final, nested classes annotated with @Configuration.
2024-10-30 19:07:20.236 [main] INFO  o.s.b.t.c.SpringBootTestContextBootstrapper - Found @SpringBootConfiguration com.greeting.PongApplication for test class com.greeting.filter.ReactiveRequestLimitFilterTest
2024-10-30 19:07:45.367 [main] INFO  o.s.t.c.s.AnnotationConfigContextLoaderUtils - Could not detect default configuration classes for test class [com.greeting.controller.PongControllerTest]: PongControllerTest does not declare any static, non-private, non-final, nested classes annotated with @Configuration.
2024-10-30 19:07:45.424 [main] INFO  o.s.b.t.c.SpringBootTestContextBootstrapper - Found @SpringBootConfiguration com.greeting.PongApplication for test class com.greeting.controller.PongControllerTest
2024-10-30 19:07:45.495 [main] INFO  o.s.t.c.s.AnnotationConfigContextLoaderUtils - Could not detect default configuration classes for test class [com.greeting.filter.ReactiveRequestLimitFilterTest]: ReactiveRequestLimitFilterTest does not declare any static, non-private, non-final, nested classes annotated with @Configuration.
2024-10-30 19:07:45.503 [main] INFO  o.s.b.t.c.SpringBootTestContextBootstrapper - Found @SpringBootConfiguration com.greeting.PongApplication for test class com.greeting.filter.ReactiveRequestLimitFilterTest
2024-10-30 19:07:45.509 [main] INFO  o.s.t.c.s.AnnotationConfigContextLoaderUtils - Could not detect default configuration classes for test class [com.greeting.controller.PongControllerTest]: PongControllerTest does not declare any static, non-private, non-final, nested classes annotated with @Configuration.
2024-10-30 19:07:45.510 [main] INFO  o.s.b.t.c.SpringBootTestContextBootstrapper - Found @SpringBootConfiguration com.greeting.PongApplication for test class com.greeting.controller.PongControllerTest
2024-10-30 19:07:45.513 [main] INFO  o.s.t.c.s.AnnotationConfigContextLoaderUtils - Could not detect default configuration classes for test class [com.greeting.filter.ReactiveRequestLimitFilterTest]: ReactiveRequestLimitFilterTest does not declare any static, non-private, non-final, nested classes annotated with @Configuration.
2024-10-30 19:07:45.514 [main] INFO  o.s.b.t.c.SpringBootTestContextBootstrapper - Found @SpringBootConfiguration com.greeting.PongApplication for test class com.greeting.filter.ReactiveRequestLimitFilterTest
2024-10-30 19:09:39.100 [main] INFO  o.s.t.c.s.AnnotationConfigContextLoaderUtils - Could not detect default configuration classes for test class [com.greeting.controller.PongControllerTest]: PongControllerTest does not declare any static, non-private, non-final, nested classes annotated with @Configuration.
2024-10-30 19:09:39.152 [main] INFO  o.s.b.t.c.SpringBootTestContextBootstrapper - Found @SpringBootConfiguration com.greeting.PongApplication for test class com.greeting.controller.PongControllerTest
2024-10-30 19:09:39.220 [main] INFO  o.s.t.c.s.AnnotationConfigContextLoaderUtils - Could not detect default configuration classes for test class [com.greeting.filter.ReactiveRequestLimitFilterTest]: ReactiveRequestLimitFilterTest does not declare any static, non-private, non-final, nested classes annotated with @Configuration.
2024-10-30 19:09:39.229 [main] INFO  o.s.b.t.c.SpringBootTestContextBootstrapper - Found @SpringBootConfiguration com.greeting.PongApplication for test class com.greeting.filter.ReactiveRequestLimitFilterTest
2024-10-30 19:09:39.234 [main] INFO  o.s.t.c.s.AnnotationConfigContextLoaderUtils - Could not detect default configuration classes for test class [com.greeting.controller.PongControllerTest]: PongControllerTest does not declare any static, non-private, non-final, nested classes annotated with @Configuration.
2024-10-30 19:09:39.235 [main] INFO  o.s.b.t.c.SpringBootTestContextBootstrapper - Found @SpringBootConfiguration com.greeting.PongApplication for test class com.greeting.controller.PongControllerTest
2024-10-30 19:09:39.237 [main] INFO  o.s.t.c.s.AnnotationConfigContextLoaderUtils - Could not detect default configuration classes for test class [com.greeting.filter.ReactiveRequestLimitFilterTest]: ReactiveRequestLimitFilterTest does not declare any static, non-private, non-final, nested classes annotated with @Configuration.
2024-10-30 19:09:39.238 [main] INFO  o.s.b.t.c.SpringBootTestContextBootstrapper - Found @SpringBootConfiguration com.greeting.PongApplication for test class com.greeting.filter.ReactiveRequestLimitFilterTest
2024-10-31 01:55:33.793 [main] INFO  o.s.t.c.s.AnnotationConfigContextLoaderUtils - Could not detect default configuration classes for test class [com.greeting.controller.PongControllerTest]: PongControllerTest does not declare any static, non-private, non-final, nested classes annotated with @Configuration.
2024-10-31 01:55:33.846 [main] INFO  o.s.b.t.c.SpringBootTestContextBootstrapper - Found @SpringBootConfiguration com.greeting.PongApplication for test class com.greeting.controller.PongControllerTest
2024-10-31 01:55:33.923 [main] INFO  o.s.t.c.s.AnnotationConfigContextLoaderUtils - Could not detect default configuration classes for test class [com.greeting.filter.ReactiveRequestLimitFilterTest]: ReactiveRequestLimitFilterTest does not declare any static, non-private, non-final, nested classes annotated with @Configuration.
2024-10-31 01:55:33.935 [main] INFO  o.s.b.t.c.SpringBootTestContextBootstrapper - Found @SpringBootConfiguration com.greeting.PongApplication for test class com.greeting.filter.ReactiveRequestLimitFilterTest
2024-10-31 01:55:33.940 [main] INFO  o.s.t.c.s.AnnotationConfigContextLoaderUtils - Could not detect default configuration classes for test class [com.greeting.controller.PongControllerTest]: PongControllerTest does not declare any static, non-private, non-final, nested classes annotated with @Configuration.
2024-10-31 01:55:33.942 [main] INFO  o.s.b.t.c.SpringBootTestContextBootstrapper - Found @SpringBootConfiguration com.greeting.PongApplication for test class com.greeting.controller.PongControllerTest
2024-10-31 01:55:33.944 [main] INFO  o.s.t.c.s.AnnotationConfigContextLoaderUtils - Could not detect default configuration classes for test class [com.greeting.filter.ReactiveRequestLimitFilterTest]: ReactiveRequestLimitFilterTest does not declare any static, non-private, non-final, nested classes annotated with @Configuration.
2024-10-31 01:55:33.945 [main] INFO  o.s.b.t.c.SpringBootTestContextBootstrapper - Found @SpringBootConfiguration com.greeting.PongApplication for test class com.greeting.filter.ReactiveRequestLimitFilterTest
2024-10-31 02:33:18.974 [main] INFO  o.s.t.c.s.AnnotationConfigContextLoaderUtils - Could not detect default configuration classes for test class [com.greeting.controller.PongControllerTest]: PongControllerTest does not declare any static, non-private, non-final, nested classes annotated with @Configuration.
2024-10-31 02:33:19.032 [main] INFO  o.s.b.t.c.SpringBootTestContextBootstrapper - Found @SpringBootConfiguration com.greeting.PongApplication for test class com.greeting.controller.PongControllerTest
2024-10-31 02:33:19.094 [main] INFO  o.s.t.c.s.AnnotationConfigContextLoaderUtils - Could not detect default configuration classes for test class [com.greeting.filter.ReactiveRequestLimitFilterTest]: ReactiveRequestLimitFilterTest does not declare any static, non-private, non-final, nested classes annotated with @Configuration.
2024-10-31 02:33:19.102 [main] INFO  o.s.b.t.c.SpringBootTestContextBootstrapper - Found @SpringBootConfiguration com.greeting.PongApplication for test class com.greeting.filter.ReactiveRequestLimitFilterTest
2024-10-31 02:33:19.107 [main] INFO  o.s.t.c.s.AnnotationConfigContextLoaderUtils - Could not detect default configuration classes for test class [com.greeting.controller.PongControllerTest]: PongControllerTest does not declare any static, non-private, non-final, nested classes annotated with @Configuration.
2024-10-31 02:33:19.109 [main] INFO  o.s.b.t.c.SpringBootTestContextBootstrapper - Found @SpringBootConfiguration com.greeting.PongApplication for test class com.greeting.controller.PongControllerTest
2024-10-31 02:33:19.111 [main] INFO  o.s.t.c.s.AnnotationConfigContextLoaderUtils - Could not detect default configuration classes for test class [com.greeting.filter.ReactiveRequestLimitFilterTest]: ReactiveRequestLimitFilterTest does not declare any static, non-private, non-final, nested classes annotated with @Configuration.
2024-10-31 02:33:19.112 [main] INFO  o.s.b.t.c.SpringBootTestContextBootstrapper - Found @SpringBootConfiguration com.greeting.PongApplication for test class com.greeting.filter.ReactiveRequestLimitFilterTest
2024-10-31 02:38:14.794 [main] INFO  o.s.t.c.s.AnnotationConfigContextLoaderUtils - Could not detect default configuration classes for test class [com.greeting.controller.PongControllerTest]: PongControllerTest does not declare any static, non-private, non-final, nested classes annotated with @Configuration.
2024-10-31 02:38:14.845 [main] INFO  o.s.b.t.c.SpringBootTestContextBootstrapper - Found @SpringBootConfiguration com.greeting.PongApplication for test class com.greeting.controller.PongControllerTest
2024-10-31 02:38:14.916 [main] INFO  o.s.t.c.s.AnnotationConfigContextLoaderUtils - Could not detect default configuration classes for test class [com.greeting.filter.ReactiveRequestLimitFilterTest]: ReactiveRequestLimitFilterTest does not declare any static, non-private, non-final, nested classes annotated with @Configuration.
2024-10-31 02:38:14.925 [main] INFO  o.s.b.t.c.SpringBootTestContextBootstrapper - Found @SpringBootConfiguration com.greeting.PongApplication for test class com.greeting.filter.ReactiveRequestLimitFilterTest
2024-10-31 02:38:14.930 [main] INFO  o.s.t.c.s.AnnotationConfigContextLoaderUtils - Could not detect default configuration classes for test class [com.greeting.controller.PongControllerTest]: PongControllerTest does not declare any static, non-private, non-final, nested classes annotated with @Configuration.
2024-10-31 02:38:14.931 [main] INFO  o.s.b.t.c.SpringBootTestContextBootstrapper - Found @SpringBootConfiguration com.greeting.PongApplication for test class com.greeting.controller.PongControllerTest
2024-10-31 02:38:14.933 [main] INFO  o.s.t.c.s.AnnotationConfigContextLoaderUtils - Could not detect default configuration classes for test class [com.greeting.filter.ReactiveRequestLimitFilterTest]: ReactiveRequestLimitFilterTest does not declare any static, non-private, non-final, nested classes annotated with @Configuration.
2024-10-31 02:38:14.934 [main] INFO  o.s.b.t.c.SpringBootTestContextBootstrapper - Found @SpringBootConfiguration com.greeting.PongApplication for test class com.greeting.filter.ReactiveRequestLimitFilterTest
2024-10-31 02:40:59.787 [main] INFO  o.s.t.c.s.AnnotationConfigContextLoaderUtils - Could not detect default configuration classes for test class [com.greeting.controller.PongControllerTest]: PongControllerTest does not declare any static, non-private, non-final, nested classes annotated with @Configuration.
2024-10-31 02:40:59.837 [main] INFO  o.s.b.t.c.SpringBootTestContextBootstrapper - Found @SpringBootConfiguration com.greeting.PongApplication for test class com.greeting.controller.PongControllerTest
2024-10-31 02:40:59.904 [main] INFO  o.s.t.c.s.AnnotationConfigContextLoaderUtils - Could not detect default configuration classes for test class [com.greeting.filter.ReactiveRequestLimitFilterTest]: ReactiveRequestLimitFilterTest does not declare any static, non-private, non-final, nested classes annotated with @Configuration.
2024-10-31 02:40:59.913 [main] INFO  o.s.b.t.c.SpringBootTestContextBootstrapper - Found @SpringBootConfiguration com.greeting.PongApplication for test class com.greeting.filter.ReactiveRequestLimitFilterTest
2024-10-31 02:40:59.919 [main] INFO  o.s.t.c.s.AnnotationConfigContextLoaderUtils - Could not detect default configuration classes for test class [com.greeting.controller.PongControllerTest]: PongControllerTest does not declare any static, non-private, non-final, nested classes annotated with @Configuration.
2024-10-31 02:40:59.920 [main] INFO  o.s.b.t.c.SpringBootTestContextBootstrapper - Found @SpringBootConfiguration com.greeting.PongApplication for test class com.greeting.controller.PongControllerTest
2024-10-31 02:40:59.923 [main] INFO  o.s.t.c.s.AnnotationConfigContextLoaderUtils - Could not detect default configuration classes for test class [com.greeting.filter.ReactiveRequestLimitFilterTest]: ReactiveRequestLimitFilterTest does not declare any static, non-private, non-final, nested classes annotated with @Configuration.
2024-10-31 02:40:59.924 [main] INFO  o.s.b.t.c.SpringBootTestContextBootstrapper - Found @SpringBootConfiguration com.greeting.PongApplication for test class com.greeting.filter.ReactiveRequestLimitFilterTest
2024-10-31 02:41:26.899 [main] INFO  o.s.t.c.s.AnnotationConfigContextLoaderUtils - Could not detect default configuration classes for test class [com.greeting.controller.PongControllerTest]: PongControllerTest does not declare any static, non-private, non-final, nested classes annotated with @Configuration.
2024-10-31 02:41:26.950 [main] INFO  o.s.b.t.c.SpringBootTestContextBootstrapper - Found @SpringBootConfiguration com.greeting.PongApplication for test class com.greeting.controller.PongControllerTest
2024-10-31 02:41:27.009 [main] INFO  o.s.t.c.s.AnnotationConfigContextLoaderUtils - Could not detect default configuration classes for test class [com.greeting.filter.ReactiveRequestLimitFilterTest]: ReactiveRequestLimitFilterTest does not declare any static, non-private, non-final, nested classes annotated with @Configuration.
2024-10-31 02:41:27.017 [main] INFO  o.s.b.t.c.SpringBootTestContextBootstrapper - Found @SpringBootConfiguration com.greeting.PongApplication for test class com.greeting.filter.ReactiveRequestLimitFilterTest
2024-10-31 02:41:27.023 [main] INFO  o.s.t.c.s.AnnotationConfigContextLoaderUtils - Could not detect default configuration classes for test class [com.greeting.controller.PongControllerTest]: PongControllerTest does not declare any static, non-private, non-final, nested classes annotated with @Configuration.
2024-10-31 02:41:27.024 [main] INFO  o.s.b.t.c.SpringBootTestContextBootstrapper - Found @SpringBootConfiguration com.greeting.PongApplication for test class com.greeting.controller.PongControllerTest
2024-10-31 02:41:27.027 [main] INFO  o.s.t.c.s.AnnotationConfigContextLoaderUtils - Could not detect default configuration classes for test class [com.greeting.filter.ReactiveRequestLimitFilterTest]: ReactiveRequestLimitFilterTest does not declare any static, non-private, non-final, nested classes annotated with @Configuration.
2024-10-31 02:41:27.029 [main] INFO  o.s.b.t.c.SpringBootTestContextBootstrapper - Found @SpringBootConfiguration com.greeting.PongApplication for test class com.greeting.filter.ReactiveRequestLimitFilterTest
2024-10-31 02:43:50.815 [main] INFO  o.s.t.c.s.AnnotationConfigContextLoaderUtils - Could not detect default configuration classes for test class [com.greeting.controller.PongControllerTest]: PongControllerTest does not declare any static, non-private, non-final, nested classes annotated with @Configuration.
2024-10-31 02:43:50.875 [main] INFO  o.s.b.t.c.SpringBootTestContextBootstrapper - Found @SpringBootConfiguration com.greeting.PongApplication for test class com.greeting.controller.PongControllerTest
2024-10-31 02:43:50.941 [main] INFO  o.s.t.c.s.AnnotationConfigContextLoaderUtils - Could not detect default configuration classes for test class [com.greeting.filter.ReactiveRequestLimitFilterTest]: ReactiveRequestLimitFilterTest does not declare any static, non-private, non-final, nested classes annotated with @Configuration.
2024-10-31 02:43:50.949 [main] INFO  o.s.b.t.c.SpringBootTestContextBootstrapper - Found @SpringBootConfiguration com.greeting.PongApplication for test class com.greeting.filter.ReactiveRequestLimitFilterTest
2024-10-31 02:43:50.955 [main] INFO  o.s.t.c.s.AnnotationConfigContextLoaderUtils - Could not detect default configuration classes for test class [com.greeting.controller.PongControllerTest]: PongControllerTest does not declare any static, non-private, non-final, nested classes annotated with @Configuration.
2024-10-31 02:43:50.956 [main] INFO  o.s.b.t.c.SpringBootTestContextBootstrapper - Found @SpringBootConfiguration com.greeting.PongApplication for test class com.greeting.controller.PongControllerTest
2024-10-31 02:43:50.958 [main] INFO  o.s.t.c.s.AnnotationConfigContextLoaderUtils - Could not detect default configuration classes for test class [com.greeting.filter.ReactiveRequestLimitFilterTest]: ReactiveRequestLimitFilterTest does not declare any static, non-private, non-final, nested classes annotated with @Configuration.
2024-10-31 02:43:50.959 [main] INFO  o.s.b.t.c.SpringBootTestContextBootstrapper - Found @SpringBootConfiguration com.greeting.PongApplication for test class com.greeting.filter.ReactiveRequestLimitFilterTest
