2024-10-30 18:29:56.649 [main] INFO  c.g.controller.PongControllerTest - Starting PongControllerTest using Java 17.0.13 with PID 24896 (started by admin in C:\Workspace\practice\2\webfulx\pong)
2024-10-30 18:29:56.650 [main] INFO  c.g.controller.PongControllerTest - No active profile set, falling back to 1 default profile: "default"
2024-10-30 18:29:58.260 [main] INFO  c.g.controller.PongControllerTest - Started PongControllerTest in 1.781 seconds (process running for 2.545)
2024-10-30 18:29:58.753 [main] INFO  c.g.f.ReactiveRequestLimitFilter - PongController Received say
2024-10-30 18:32:09.084 [main] INFO  c.g.controller.PongControllerTest - Starting PongControllerTest using Java 17.0.13 with PID 37100 (started by admin in C:\Workspace\practice\2\webfulx\pong)
2024-10-30 18:32:09.087 [main] INFO  c.g.controller.PongControllerTest - No active profile set, falling back to 1 default profile: "default"
2024-10-30 18:32:10.557 [main] INFO  c.g.controller.PongControllerTest - Started PongControllerTest in 1.653 seconds (process running for 2.411)
2024-10-30 18:32:11.069 [main] INFO  c.g.f.ReactiveRequestLimitFilter - PongController Received say
2024-10-30 18:33:14.059 [main] INFO  c.g.controller.PongControllerTest - Starting PongControllerTest using Java 17.0.13 with PID 110008 (started by admin in C:\Workspace\practice\2\webfulx\pong)
2024-10-30 18:33:14.060 [main] INFO  c.g.controller.PongControllerTest - No active profile set, falling back to 1 default profile: "default"
2024-10-30 18:33:15.587 [main] INFO  c.g.controller.PongControllerTest - Started PongControllerTest in 1.686 seconds (process running for 2.447)
2024-10-30 18:33:16.082 [main] INFO  c.g.f.ReactiveRequestLimitFilter - PongController Received say
2024-10-30 18:33:35.130 [main] INFO  c.g.controller.PongControllerTest - Starting PongControllerTest using Java 17.0.13 with PID 102228 (started by admin in C:\Workspace\practice\2\webfulx\pong)
2024-10-30 18:33:35.131 [main] INFO  c.g.controller.PongControllerTest - No active profile set, falling back to 1 default profile: "default"
2024-10-30 18:33:36.636 [main] INFO  c.g.controller.PongControllerTest - Started PongControllerTest in 1.679 seconds (process running for 2.397)
2024-10-30 18:33:37.085 [main] INFO  c.g.f.ReactiveRequestLimitFilter - PongController Received say
2024-10-30 18:34:25.335 [main] INFO  c.g.controller.PongControllerTest - Starting PongControllerTest using Java 17.0.13 with PID 90588 (started by admin in C:\Workspace\practice\2\webfulx\pong)
2024-10-30 18:34:25.337 [main] INFO  c.g.controller.PongControllerTest - No active profile set, falling back to 1 default profile: "default"
2024-10-30 18:34:26.832 [main] INFO  c.g.controller.PongControllerTest - Started PongControllerTest in 1.661 seconds (process running for 2.42)
2024-10-30 18:34:27.325 [main] INFO  c.g.f.ReactiveRequestLimitFilter - PongController Received say
2024-10-30 18:35:48.796 [main] INFO  c.g.controller.PongControllerTest - Starting PongControllerTest using Java 17.0.13 with PID 70812 (started by admin in C:\Workspace\practice\2\webfulx\pong)
2024-10-30 18:35:48.797 [main] INFO  c.g.controller.PongControllerTest - No active profile set, falling back to 1 default profile: "default"
2024-10-30 18:35:50.292 [main] INFO  c.g.controller.PongControllerTest - Started PongControllerTest in 1.66 seconds (process running for 2.428)
2024-10-30 18:35:50.800 [main] INFO  c.g.f.ReactiveRequestLimitFilter - PongController Received say
2024-10-30 18:36:13.376 [main] INFO  c.g.controller.PongControllerTest - Starting PongControllerTest using Java 17.0.13 with PID 32636 (started by admin in C:\Workspace\practice\2\webfulx\pong)
2024-10-30 18:36:13.378 [main] INFO  c.g.controller.PongControllerTest - No active profile set, falling back to 1 default profile: "default"
2024-10-30 18:36:15.158 [main] INFO  c.g.controller.PongControllerTest - Started PongControllerTest in 1.939 seconds (process running for 2.67)
2024-10-30 18:36:15.648 [main] INFO  c.g.f.ReactiveRequestLimitFilter - PongController Received say
2024-10-30 18:37:44.458 [main] INFO  c.g.controller.PongControllerTest - Starting PongControllerTest using Java 17.0.13 with PID 97100 (started by admin in C:\Workspace\practice\2\webfulx\pong)
2024-10-30 18:37:44.460 [main] INFO  c.g.controller.PongControllerTest - No active profile set, falling back to 1 default profile: "default"
2024-10-30 18:37:46.087 [main] INFO  c.g.controller.PongControllerTest - Started PongControllerTest in 1.797 seconds (process running for 2.545)
2024-10-30 18:37:46.577 [main] INFO  c.g.f.ReactiveRequestLimitFilter - PongController Received say
2024-10-30 18:38:20.027 [main] INFO  c.g.controller.PongControllerTest - Starting PongControllerTest using Java 17.0.13 with PID 40788 (started by admin in C:\Workspace\practice\2\webfulx\pong)
2024-10-30 18:38:20.028 [main] INFO  c.g.controller.PongControllerTest - No active profile set, falling back to 1 default profile: "default"
2024-10-30 18:38:21.534 [main] INFO  c.g.controller.PongControllerTest - Started PongControllerTest in 1.695 seconds (process running for 2.445)
2024-10-30 18:38:21.982 [main] INFO  c.g.f.ReactiveRequestLimitFilter - PongController Received say
2024-10-30 18:46:36.470 [main] INFO  c.g.controller.PongControllerTest - Starting PongControllerTest using Java 17.0.13 with PID 65044 (started by admin in C:\Workspace\practice\2\webfulx\pong)
2024-10-30 18:46:36.471 [main] INFO  c.g.controller.PongControllerTest - No active profile set, falling back to 1 default profile: "default"
2024-10-30 18:46:37.976 [main] INFO  c.g.controller.PongControllerTest - Started PongControllerTest in 1.691 seconds (process running for 2.447)
2024-10-30 18:46:38.453 [main] INFO  c.g.f.ReactiveRequestLimitFilter - PongController Received say
2024-10-30 18:47:36.404 [main] INFO  c.g.controller.PongControllerTest - Starting PongControllerTest using Java 17.0.13 with PID 56808 (started by admin in C:\Workspace\practice\2\webfulx\pong)
2024-10-30 18:47:36.406 [main] INFO  c.g.controller.PongControllerTest - No active profile set, falling back to 1 default profile: "default"
2024-10-30 18:47:37.903 [main] INFO  c.g.controller.PongControllerTest - Started PongControllerTest in 1.666 seconds (process running for 2.444)
2024-10-30 18:47:38.423 [main] INFO  c.g.f.ReactiveRequestLimitFilter - PongController Received say
2024-10-30 18:58:00.640 [main] INFO  c.g.controller.PongControllerTest - Starting PongControllerTest using Java 17.0.13 with PID 87860 (started by admin in C:\Workspace\practice\2\webfulx\pong)
2024-10-30 18:58:00.641 [main] INFO  c.g.controller.PongControllerTest - No active profile set, falling back to 1 default profile: "default"
2024-10-30 18:58:02.134 [main] INFO  c.g.controller.PongControllerTest - Started PongControllerTest in 1.661 seconds (process running for 2.428)
2024-10-30 18:58:02.641 [main] INFO  c.g.f.ReactiveRequestLimitFilter - PongController Received say
2024-10-30 18:58:02.717 [main] ERROR c.g.f.ReactiveRequestLimitFilter - To many request at endpoint /greeting?say=Hello from IP null! Please try again after 1000 milliseconds!
2024-10-30 18:58:02.727 [main] ERROR c.g.f.ReactiveRequestLimitFilter - To many request at endpoint /greeting?say=Hello from IP null! Please try again after 1000 milliseconds!
2024-10-30 18:58:57.136 [main] INFO  c.g.controller.PongControllerTest - Starting PongControllerTest using Java 17.0.13 with PID 92544 (started by admin in C:\Workspace\practice\2\webfulx\pong)
2024-10-30 18:58:57.137 [main] INFO  c.g.controller.PongControllerTest - No active profile set, falling back to 1 default profile: "default"
2024-10-30 18:58:58.610 [main] INFO  c.g.controller.PongControllerTest - Started PongControllerTest in 1.658 seconds (process running for 2.419)
2024-10-30 18:58:59.111 [main] INFO  c.g.f.ReactiveRequestLimitFilter - PongController Received say
2024-10-30 18:58:59.185 [main] ERROR c.g.f.ReactiveRequestLimitFilter - To many request at endpoint /greeting?say=Hello from IP null! Please try again after 1000 milliseconds!
2024-10-30 18:58:59.195 [main] ERROR c.g.f.ReactiveRequestLimitFilter - To many request at endpoint /greeting?say=Hello from IP null! Please try again after 1000 milliseconds!
2024-10-30 19:01:24.153 [main] INFO  c.g.controller.PongControllerTest - Starting PongControllerTest using Java 17.0.13 with PID 87000 (started by admin in C:\Workspace\practice\2\webfulx\pong)
2024-10-30 19:01:24.154 [main] INFO  c.g.controller.PongControllerTest - No active profile set, falling back to 1 default profile: "default"
2024-10-30 19:01:25.727 [main] INFO  c.g.controller.PongControllerTest - Started PongControllerTest in 1.765 seconds (process running for 2.519)
2024-10-30 19:01:26.241 [main] INFO  c.g.f.ReactiveRequestLimitFilter - PongController Received say
2024-10-30 19:01:26.331 [main] ERROR c.g.f.ReactiveRequestLimitFilter - To many request at endpoint /greeting?say=Hello from IP null! Please try again after 1000 milliseconds!
2024-10-30 19:02:19.524 [main] INFO  c.g.controller.PongControllerTest - Starting PongControllerTest using Java 17.0.13 with PID 75816 (started by admin in C:\Workspace\practice\2\webfulx\pong)
2024-10-30 19:02:19.525 [main] INFO  c.g.controller.PongControllerTest - No active profile set, falling back to 1 default profile: "default"
2024-10-30 19:02:21.023 [main] INFO  c.g.controller.PongControllerTest - Started PongControllerTest in 1.672 seconds (process running for 2.424)
2024-10-30 19:02:21.460 [main] INFO  c.g.f.ReactiveRequestLimitFilter - PongController Received say
2024-10-30 19:02:21.542 [main] ERROR c.g.f.ReactiveRequestLimitFilter - To many request at endpoint /greeting?say=Hello from IP null! Please try again after 1000 milliseconds!
2024-10-30 19:02:36.473 [main] INFO  c.g.controller.PongControllerTest - Starting PongControllerTest using Java 17.0.13 with PID 75272 (started by admin in C:\Workspace\practice\2\webfulx\pong)
2024-10-30 19:02:36.473 [main] INFO  c.g.controller.PongControllerTest - No active profile set, falling back to 1 default profile: "default"
2024-10-30 19:02:38.025 [main] INFO  c.g.controller.PongControllerTest - Started PongControllerTest in 1.72 seconds (process running for 2.476)
2024-10-30 19:02:38.541 [main] INFO  c.g.f.ReactiveRequestLimitFilter - PongController Received say
2024-10-30 19:02:38.621 [main] ERROR c.g.f.ReactiveRequestLimitFilter - To many request at endpoint /greeting?say=Hello from IP null! Please try again after 1000 milliseconds!
2024-10-30 19:02:38.630 [main] ERROR c.g.f.ReactiveRequestLimitFilter - To many request at endpoint /greeting?say=Hello from IP null! Please try again after 1000 milliseconds!
2024-10-30 19:03:10.569 [main] INFO  c.g.controller.PongControllerTest - Starting PongControllerTest using Java 17.0.13 with PID 99984 (started by admin in C:\Workspace\practice\2\webfulx\pong)
2024-10-30 19:03:10.570 [main] INFO  c.g.controller.PongControllerTest - No active profile set, falling back to 1 default profile: "default"
2024-10-30 19:03:12.277 [main] INFO  c.g.controller.PongControllerTest - Started PongControllerTest in 1.899 seconds (process running for 2.754)
2024-10-30 19:03:12.793 [main] INFO  c.g.f.ReactiveRequestLimitFilter - PongController Received say
2024-10-30 19:03:12.876 [main] ERROR c.g.f.ReactiveRequestLimitFilter - To many request at endpoint /greeting?say=Hello from IP null! Please try again after 1000 milliseconds!
2024-10-30 19:03:12.886 [main] ERROR c.g.f.ReactiveRequestLimitFilter - To many request at endpoint /greeting?say=Hello from IP null! Please try again after 1000 milliseconds!
2024-10-30 19:03:29.477 [main] INFO  c.g.controller.PongControllerTest - Starting PongControllerTest using Java 17.0.13 with PID 34152 (started by admin in C:\Workspace\practice\2\webfulx\pong)
2024-10-30 19:03:29.478 [main] INFO  c.g.controller.PongControllerTest - No active profile set, falling back to 1 default profile: "default"
2024-10-30 19:03:31.178 [main] INFO  c.g.controller.PongControllerTest - Started PongControllerTest in 1.884 seconds (process running for 2.667)
2024-10-30 19:03:31.673 [main] INFO  c.g.f.ReactiveRequestLimitFilter - PongController Received say
2024-10-30 19:03:31.754 [main] ERROR c.g.f.ReactiveRequestLimitFilter - To many request at endpoint /greeting?say=Hello from IP null! Please try again after 1000 milliseconds!
2024-10-30 19:03:31.763 [main] ERROR c.g.f.ReactiveRequestLimitFilter - To many request at endpoint /greeting?say=Hello from IP null! Please try again after 1000 milliseconds!
2024-10-30 19:03:57.015 [main] INFO  c.g.controller.PongControllerTest - Starting PongControllerTest using Java 17.0.13 with PID 102268 (started by admin in C:\Workspace\practice\2\webfulx\pong)
2024-10-30 19:03:57.015 [main] INFO  c.g.controller.PongControllerTest - No active profile set, falling back to 1 default profile: "default"
2024-10-30 19:03:58.636 [main] INFO  c.g.controller.PongControllerTest - Started PongControllerTest in 1.805 seconds (process running for 2.564)
2024-10-30 19:03:59.081 [main] INFO  c.g.f.ReactiveRequestLimitFilter - PongController Received say
2024-10-30 19:03:59.171 [main] ERROR c.g.f.ReactiveRequestLimitFilter - To many request at endpoint /greeting?say=Hello from IP null! Please try again after 1000 milliseconds!
2024-10-30 19:04:30.337 [main] INFO  c.g.controller.PongControllerTest - Starting PongControllerTest using Java 17.0.13 with PID 31508 (started by admin in C:\Workspace\practice\2\webfulx\pong)
2024-10-30 19:04:30.338 [main] INFO  c.g.controller.PongControllerTest - No active profile set, falling back to 1 default profile: "default"
2024-10-30 19:04:31.886 [main] INFO  c.g.controller.PongControllerTest - Started PongControllerTest in 1.739 seconds (process running for 2.604)
2024-10-30 19:04:32.378 [main] INFO  c.g.f.ReactiveRequestLimitFilter - PongController Received say
2024-10-30 19:04:32.469 [main] ERROR c.g.f.ReactiveRequestLimitFilter - To many request at endpoint /greeting?say=Hello from IP null! Please try again after 1000 milliseconds!
2024-10-30 19:04:53.225 [main] INFO  c.g.controller.PongControllerTest - Starting PongControllerTest using Java 17.0.13 with PID 64668 (started by admin in C:\Workspace\practice\2\webfulx\pong)
2024-10-30 19:04:53.226 [main] INFO  c.g.controller.PongControllerTest - No active profile set, falling back to 1 default profile: "default"
2024-10-30 19:04:54.705 [main] INFO  c.g.controller.PongControllerTest - Started PongControllerTest in 1.633 seconds (process running for 2.366)
2024-10-30 19:04:55.202 [main] INFO  c.g.f.ReactiveRequestLimitFilter - PongController Received say
2024-10-30 19:04:55.295 [main] ERROR c.g.f.ReactiveRequestLimitFilter - To many request at endpoint /greeting?say=Hello from IP null! Please try again after 1000 milliseconds!
2024-10-30 19:06:18.669 [main] INFO  c.g.controller.PongControllerTest - Starting PongControllerTest using Java 17.0.13 with PID 76916 (started by admin in C:\Workspace\practice\2\webfulx\pong)
2024-10-30 19:06:18.671 [main] INFO  c.g.controller.PongControllerTest - No active profile set, falling back to 1 default profile: "default"
2024-10-30 19:06:20.338 [main] INFO  c.g.controller.PongControllerTest - Started PongControllerTest in 1.845 seconds (process running for 2.59)
2024-10-30 19:06:20.807 [main] INFO  c.g.f.ReactiveRequestLimitFilter - PongController Received say
2024-10-30 19:06:20.895 [main] ERROR c.g.f.ReactiveRequestLimitFilter - To many request at endpoint /greeting?say=Hello from IP null! Please try again after 1000 milliseconds!
2024-10-30 19:06:55.378 [main] INFO  c.g.controller.PongControllerTest - Starting PongControllerTest using Java 17.0.13 with PID 76020 (started by admin in C:\Workspace\practice\2\webfulx\pong)
2024-10-30 19:06:55.379 [main] INFO  c.g.controller.PongControllerTest - No active profile set, falling back to 1 default profile: "default"
2024-10-30 19:06:56.792 [main] INFO  c.g.controller.PongControllerTest - Started PongControllerTest in 1.597 seconds (process running for 2.367)
2024-10-30 19:06:57.309 [main] INFO  c.g.f.ReactiveRequestLimitFilter - PongController Received say
2024-10-30 19:06:57.394 [main] ERROR c.g.f.ReactiveRequestLimitFilter - To many request at endpoint /greeting?say=Hello from IP null! Please try again after 1000 milliseconds!
2024-10-30 19:07:20.556 [main] INFO  c.g.controller.PongControllerTest - Starting PongControllerTest using Java 17.0.13 with PID 47528 (started by admin in C:\Workspace\practice\2\webfulx\pong)
2024-10-30 19:07:20.558 [main] INFO  c.g.controller.PongControllerTest - No active profile set, falling back to 1 default profile: "default"
2024-10-30 19:07:21.995 [main] INFO  c.g.controller.PongControllerTest - Started PongControllerTest in 1.615 seconds (process running for 2.371)
2024-10-30 19:07:22.452 [main] INFO  c.g.f.ReactiveRequestLimitFilter - PongController Received say
2024-10-30 19:07:22.534 [main] ERROR c.g.f.ReactiveRequestLimitFilter - To many request at endpoint /greeting?say=Hello from IP null! Please try again after 1000 milliseconds!
2024-10-30 19:07:45.880 [main] INFO  c.g.controller.PongControllerTest - Starting PongControllerTest using Java 17.0.13 with PID 78468 (started by admin in C:\Workspace\practice\2\webfulx\pong)
2024-10-30 19:07:45.881 [main] INFO  c.g.controller.PongControllerTest - No active profile set, falling back to 1 default profile: "default"
2024-10-30 19:07:47.544 [main] INFO  c.g.controller.PongControllerTest - Started PongControllerTest in 1.859 seconds (process running for 2.641)
2024-10-30 19:07:48.032 [main] INFO  c.g.f.ReactiveRequestLimitFilter - PongController Received say
2024-10-30 19:07:48.111 [main] ERROR c.g.f.ReactiveRequestLimitFilter - To many request at endpoint /greeting?say=Hello from IP null! Please try again after 1000 milliseconds!
2024-10-30 19:09:39.567 [main] INFO  c.g.controller.PongControllerTest - Starting PongControllerTest using Java 17.0.13 with PID 36160 (started by admin in C:\Workspace\practice\2\webfulx\pong)
2024-10-30 19:09:39.568 [main] INFO  c.g.controller.PongControllerTest - No active profile set, falling back to 1 default profile: "default"
2024-10-30 19:09:41.085 [main] INFO  c.g.controller.PongControllerTest - Started PongControllerTest in 1.694 seconds (process running for 2.457)
2024-10-30 19:09:41.551 [main] INFO  c.g.f.ReactiveRequestLimitFilter - PongController Received say
2024-10-30 19:09:41.642 [main] ERROR c.g.f.ReactiveRequestLimitFilter - To many request at endpoint /greeting?say=Hello from IP null! Please try again after 1000 milliseconds!
2024-10-31 01:55:34.285 [main] INFO  c.g.controller.PongControllerTest - Starting PongControllerTest using Java 17.0.13 with PID 111056 (started by admin in C:\Workspace\practice\2\webfulx\pong)
2024-10-31 01:55:34.287 [main] INFO  c.g.controller.PongControllerTest - No active profile set, falling back to 1 default profile: "default"
2024-10-31 01:55:35.832 [main] INFO  c.g.controller.PongControllerTest - Started PongControllerTest in 1.738 seconds (process running for 2.511)
2024-10-31 01:55:36.372 [main] INFO  c.greeting.controller.PongController - PongController Received say
2024-10-31 01:55:36.451 [main] ERROR c.g.f.ReactiveRequestLimitFilter - To many request at endpoint /greeting?say=Hello from IP null! Please try again after 1000 milliseconds!
2024-10-31 02:33:19.435 [main] INFO  c.g.controller.PongControllerTest - Starting PongControllerTest using Java 17.0.13 with PID 74016 (started by admin in C:\Workspace\practice\2\webfulx\pong)
2024-10-31 02:33:19.436 [main] INFO  c.g.controller.PongControllerTest - No active profile set, falling back to 1 default profile: "default"
2024-10-31 02:33:20.852 [main] INFO  c.g.controller.PongControllerTest - Started PongControllerTest in 1.596 seconds (process running for 2.326)
2024-10-31 02:33:21.369 [main] INFO  c.greeting.controller.PongController - PongController Received say
2024-10-31 02:33:21.443 [main] ERROR c.g.f.ReactiveRequestLimitFilter - To many request at endpoint /greeting?say=Hello from IP null! Please try again after 1 milliseconds!
2024-10-31 02:38:15.250 [main] INFO  c.g.controller.PongControllerTest - Starting PongControllerTest using Java 17.0.13 with PID 40348 (started by admin in C:\Workspace\practice\2\webfulx\pong)
2024-10-31 02:38:15.251 [main] INFO  c.g.controller.PongControllerTest - No active profile set, falling back to 1 default profile: "default"
2024-10-31 02:38:16.642 [main] INFO  c.g.controller.PongControllerTest - Started PongControllerTest in 1.56 seconds (process running for 2.304)
2024-10-31 02:38:17.101 [main] INFO  c.greeting.controller.PongController - PongController Received say
2024-10-31 02:38:17.186 [main] ERROR c.g.f.ReactiveRequestLimitFilter - To many request at endpoint /greeting?say=Hello from IP null! Please try again after 1 milliseconds!
2024-10-31 02:41:00.237 [main] INFO  c.g.controller.PongControllerTest - Starting PongControllerTest using Java 17.0.13 with PID 53648 (started by admin in C:\Workspace\practice\2\webfulx\pong)
2024-10-31 02:41:00.237 [main] INFO  c.g.controller.PongControllerTest - No active profile set, falling back to 1 default profile: "default"
2024-10-31 02:41:01.735 [main] INFO  c.g.controller.PongControllerTest - Started PongControllerTest in 1.662 seconds (process running for 2.408)
2024-10-31 02:41:02.193 [main] INFO  c.greeting.controller.PongController - PongController Received say
2024-10-31 02:41:02.264 [main] ERROR c.g.f.ReactiveRequestLimitFilter - To many request at endpoint /greeting?say=Hello from IP null! Please try again after 1 milliseconds!
2024-10-31 02:41:27.340 [main] INFO  c.g.controller.PongControllerTest - Starting PongControllerTest using Java 17.0.13 with PID 81208 (started by admin in C:\Workspace\practice\2\webfulx\pong)
2024-10-31 02:41:27.341 [main] INFO  c.g.controller.PongControllerTest - No active profile set, falling back to 1 default profile: "default"
2024-10-31 02:41:28.770 [main] INFO  c.g.controller.PongControllerTest - Started PongControllerTest in 1.594 seconds (process running for 2.337)
2024-10-31 02:41:29.285 [main] INFO  c.greeting.controller.PongController - PongController Received say
2024-10-31 02:41:29.361 [main] ERROR c.g.f.ReactiveRequestLimitFilter - To many request at endpoint /greeting?say=Hello from IP null! Please try again after 1 milliseconds!
2024-10-31 02:43:51.266 [main] INFO  c.g.controller.PongControllerTest - Starting PongControllerTest using Java 17.0.13 with PID 93472 (started by admin in C:\Workspace\practice\2\webfulx\pong)
2024-10-31 02:43:51.267 [main] INFO  c.g.controller.PongControllerTest - No active profile set, falling back to 1 default profile: "default"
2024-10-31 02:43:52.808 [main] INFO  c.g.controller.PongControllerTest - Started PongControllerTest in 1.702 seconds (process running for 2.435)
2024-10-31 02:43:53.304 [main] INFO  c.greeting.controller.PongController - PongController Received say
2024-10-31 02:43:53.373 [main] ERROR c.g.f.ReactiveRequestLimitFilter - To many request at endpoint /greeting?say=Hello from IP null! Please try again after -1 milliseconds!
